<?xml version="1.0" encoding="UTF-8"?>
<!-- Generated by org.testng.reporters.JUnitXMLReporter -->
<testsuite hostname="VDC01DLAP0359" ignored="0" name="Test" tests="16" failures="0" timestamp="2022-07-23T19:19:23 IST" time="40.242" errors="0">
  <testcase name="deleteAllCoockies" time="0.269" classname="com.cl.testcases.SR_TC_03"/>
  <testcase name="scrollToFooterSection" time="0.091" classname="com.cl.testcases.SR_TC_03"/>
  <testcase name="clickOnBackToTop" time="0.377" classname="com.cl.testcases.SR_TC_03"/>
  <testcase name="verifyTheContryFlag" time="0.269" classname="com.cl.testcases.SR_TC_03"/>
  <testcase name="clickOnChangeCountryLink" time="1.048" classname="com.cl.testcases.SR_TC_03"/>
  <testcase name="clickOnCountryDropDown" time="0.151" classname="com.cl.testcases.SR_TC_03"/>
  <testcase name="selectedUSCountry" time="0.034" classname="com.cl.testcases.SR_TC_03"/>
  <testcase name="selectedUSCountryOption" time="0.117" classname="com.cl.testcases.SR_TC_03"/>
  <testcase name="clickOnGoWebsiteCTA" time="0.197" classname="com.cl.testcases.SR_TC_03"/>
  <testcase name="SwichToNewTabe" time="0.058" classname="com.cl.testcases.SR_TC_03"/>
  <testcase name="clickOnSearchTextField" time="0.215" classname="com.cl.testcases.SR_TC_03"/>
  <testcase name="enterTextOnSearchTextField" time="0.28" classname="com.cl.testcases.SR_TC_03"/>
  <testcase name="clickOnSearchTextFieldAfterEnteringText" time="10.447" classname="com.cl.testcases.SR_TC_03"/>
  <testcase name="kindleUnlimitedTag" time="3.123" classname="com.cl.testcases.SR_TC_03"/>
  <testcase name="mouseHoverOnBestSellerTag" time="0.333" classname="com.cl.testcases.SR_TC_03"/>
  <testcase name="verifyTheFlashMSG" time="0.054" classname="com.cl.testcases.SR_TC_03"/>
</testsuite> <!-- Test -->
