<?xml version="1.0" encoding="UTF-8"?>
<testsuite xmlns:xsi="http://www.w3.org/2001/XMLSchema-instance" xsi:noNamespaceSchemaLocation="https://maven.apache.org/surefire/maven-surefire-plugin/xsd/surefire-test-report-3.0.xsd" version="3.0" name="TestSuite" time="75.427" tests="9" errors="0" skipped="0" failures="2">
  <properties>
[...]
</properties>
  <testcase name="deleteAllCoockies" classname="com.cl.testcases.SP_TC_01" time="1.59">
    <system-out><![CDATA[Setting up the reports and Test is getting ready
Setting Done - Test can be started
Tring to start browser and Getting application ready
Online Shopping site in India: Shop Online for Mobiles, Books, Watches, Shoes and More - Amazon.in
Browser and Application is up and running
Step1 Starts
cookies are deleted
Cleared All Coockies
Step1 ends
]]></system-out>
    <system-err><![CDATA[SLF4J: Failed to load class "org.slf4j.impl.StaticLoggerBinder".
SLF4J: Defaulting to no-operation (NOP) logger implementation
SLF4J: See http://www.slf4j.org/codes.html#StaticLoggerBinder for further details.
Starting ChromeDriver 104.0.5112.79 (3cf3e8c8a07d104b9e1260c910efb8f383285dc5-refs/branch-heads/5112@{#1307}) on port 62772
Only local connections are allowed.
Please see https://chromedriver.chromium.org/security-considerations for suggestions on keeping ChromeDriver safe.
ChromeDriver was started successfully.
Aug 16, 2022 3:31:02 PM org.openqa.selenium.remote.ProtocolHandshake createSession
INFO: Detected upstream dialect: W3C
Aug 16, 2022 3:31:03 PM org.openqa.selenium.devtools.CdpVersionFinder findNearestMatch
WARNING: Unable to find an exact match for CDP version 104, so returning the closest version found: 103
Aug 16, 2022 3:31:03 PM org.openqa.selenium.devtools.CdpVersionFinder findNearestMatch
INFO: Found CDP implementation for version 104 of 103
]]></system-err>
  </testcase>
  <testcase name="mouseHover" classname="com.cl.testcases.SP_TC_01" time="1.53">
    <system-out><![CDATA[Test is about to end
Screenshot Captured
Test Completed >>>> Reports Generated
Step2 Starts
Step2 ends
]]></system-out>
  </testcase>
  <testcase name="clickOnSignInCTA" classname="com.cl.testcases.SP_TC_01" time="30.054">
    <failure message="no such element: Unable to locate element: {&quot;method&quot;:&quot;xpath&quot;,&quot;selector&quot;:&quot;(//span[@class=&apos;nav-action-inner&apos;])[2]&quot;}&#10;  (Session info: chrome=104.0.5112.81)&#10;For documentation on this error, please visit: https://selenium.dev/exceptions/#no_such_element&#10;Build info: version: &apos;4.3.0&apos;, revision: &apos;a4995e2c09*&apos;&#10;System info: host: &apos;VDC01DLAP0359&apos;, ip: &apos;172.16.192.37&apos;, os.name: &apos;Windows 10&apos;, os.arch: &apos;amd64&apos;, os.version: &apos;10.0&apos;, java.version: &apos;1.8.0_121&apos;&#10;Driver info: org.openqa.selenium.chrome.ChromeDriver&#10;Command: [33da360aedc90c69548e6536aa4051cb, findElement {using=xpath, value=(//span[@class=&apos;nav-action-inner&apos;])[2]}]&#10;Capabilities {acceptInsecureCerts: false, browserName: chrome, browserVersion: 104.0.5112.81, chrome: {chromedriverVersion: 104.0.5112.79 (3cf3e8c8a07d..., userDataDir: C:\Users\CHAITR~1.BAB\AppDa...}, goog:chromeOptions: {debuggerAddress: localhost:59021}, networkConnectionEnabled: false, pageLoadStrategy: normal, platformName: WINDOWS, proxy: Proxy(), se:cdp: ws://localhost:59021/devtoo..., se:cdpVersion: 104.0.5112.81, setWindowRect: true, strictFileInteractability: false, timeouts: {implicit: 0, pageLoad: 300000, script: 30000}, unhandledPromptBehavior: dismiss and notify, webauthn:extension:credBlob: true, webauthn:extension:largeBlob: true, webauthn:virtualAuthenticators: true}&#10;Session ID: 33da360aedc90c69548e6536aa4051cb" type="org.openqa.selenium.NoSuchElementException"><![CDATA[org.openqa.selenium.NoSuchElementException: 
no such element: Unable to locate element: {"method":"xpath","selector":"(//span[@class='nav-action-inner'])[2]"}
  (Session info: chrome=104.0.5112.81)
For documentation on this error, please visit: https://selenium.dev/exceptions/#no_such_element
Build info: version: '4.3.0', revision: 'a4995e2c09*'
System info: host: 'VDC01DLAP0359', ip: '172.16.192.37', os.name: 'Windows 10', os.arch: 'amd64', os.version: '10.0', java.version: '1.8.0_121'
Driver info: org.openqa.selenium.chrome.ChromeDriver
Command: [33da360aedc90c69548e6536aa4051cb, findElement {using=xpath, value=(//span[@class='nav-action-inner'])[2]}]
Capabilities {acceptInsecureCerts: false, browserName: chrome, browserVersion: 104.0.5112.81, chrome: {chromedriverVersion: 104.0.5112.79 (3cf3e8c8a07d..., userDataDir: C:\Users\CHAITR~1.BAB\AppDa...}, goog:chromeOptions: {debuggerAddress: localhost:59021}, networkConnectionEnabled: false, pageLoadStrategy: normal, platformName: WINDOWS, proxy: Proxy(), se:cdp: ws://localhost:59021/devtoo..., se:cdpVersion: 104.0.5112.81, setWindowRect: true, strictFileInteractability: false, timeouts: {implicit: 0, pageLoad: 300000, script: 30000}, unhandledPromptBehavior: dismiss and notify, webauthn:extension:credBlob: true, webauthn:extension:largeBlob: true, webauthn:virtualAuthenticators: true}
Session ID: 33da360aedc90c69548e6536aa4051cb
	at com.cl.testcases.SP_TC_01.clickOnSignInCTA(SP_TC_01.java:44)
]]></failure>
    <system-out><![CDATA[Test is about to end
Screenshot Captured
Test Completed >>>> Reports Generated
Step3 Starts
]]></system-out>
  </testcase>
  <testcase name="clickOnEmailIdTextField" classname="com.cl.testcases.SP_TC_01" time="0.191">
    <system-out><![CDATA[Test is about to end
Screenshot Captured
Test Completed >>>> Reports Generated
Step4 Starts
Successfully clicked the button 
User successufully clicked on the Email ID field
Step4 ends
]]></system-out>
  </testcase>
  <testcase name="enterEmailIdOnTextField" classname="com.cl.testcases.SP_TC_01" time="0.241">
    <system-out><![CDATA[Test is about to end
Screenshot Captured
Test Completed >>>> Reports Generated
Step5 Starts
Email id is fetched from the excel sheet successfully
Step5 ends
]]></system-out>
  </testcase>
  <testcase name="clickOnContinueCTA" classname="com.cl.testcases.SP_TC_01" time="2.418">
    <system-out><![CDATA[Test is about to end
Screenshot Captured
Test Completed >>>> Reports Generated
Step6 Starts
User successufully clicked on the Continue CTA
Successfully clicked the button 
Step6 ends
]]></system-out>
  </testcase>
  <testcase name="clickOnPasswordTextField" classname="com.cl.testcases.SP_TC_01" time="4.16">
    <system-out><![CDATA[Test is about to end
Screenshot Captured
Test Completed >>>> Reports Generated
Step7 Starts
User successufully clicked on the Password field
Successfully clicked the button 
Step7 ends
]]></system-out>
  </testcase>
  <testcase name="enterpasswordOnTextField" classname="com.cl.testcases.SP_TC_01" time="0.316">
    <system-out><![CDATA[Test is about to end
Screenshot Captured
Test Completed >>>> Reports Generated
Step8 Starts
Password Data fetched from the excel sheet successuly
Step8 ends
]]></system-out>
  </testcase>
  <testcase name="clickOnTheSignInCTA" classname="com.cl.testcases.SP_TC_01" time="4.967">
    <failure message="Cannot find elements when the XPath is null." type="java.lang.IllegalArgumentException"><![CDATA[java.lang.IllegalArgumentException: Cannot find elements when the XPath is null.
	at com.cl.testcases.SP_TC_01.clickOnTheSignInCTA(SP_TC_01.java:119)
]]></failure>
    <system-out><![CDATA[Test is about to end
Screenshot Captured
Test Completed >>>> Reports Generated
Step9 Starts
Successfully clicked the button 
HomePage Title : Online Shopping site in India: Shop Online for Mobiles, Books, Watches, Shoes and More - Amazon.in
]]></system-out>
  </testcase>
</testsuite>